----------第 1 轮训练开始----------
训练时间：117.39422059059143
训练次数: 100，Loss: 0.009573413990437984
训练时间：239.07817578315735
训练次数: 200，Loss: 0.004216344095766544
训练时间：360.5734133720398
训练次数: 300，Loss: 0.003147756913676858
训练时间：482.205525636673
训练次数: 400，Loss: 0.002326744142919779
训练时间：603.9068415164948
训练次数: 500，Loss: 0.001527599524706602
训练时间：725.2052614688873
训练次数: 600，Loss: 0.0016972781158983707
训练时间：847.0781605243683
训练次数: 700，Loss: 0.0011066780425608158
训练时间：970.6041147708893
训练次数: 800，Loss: 0.0008236704161390662
训练时间：1095.0808815956116
训练次数: 900，Loss: 0.001162086264230311
训练时间：1216.0971460342407
训练次数: 1000，Loss: 0.0008895328501239419
训练时间：1336.6007506847382
训练次数: 1100，Loss: 0.0006285808049142361
训练时间：1458.5538077354431
训练次数: 1200，Loss: 0.0006299269734881818
训练时间：1580.9910788536072
训练次数: 1300，Loss: 0.0005636035348288715
训练时间：1701.9088628292084
训练次数: 1400，Loss: 0.0005748881376348436
训练时间：1824.4573214054108
训练次数: 1500，Loss: 0.00042742659570649266
训练时间：1947.4231522083282
训练次数: 1600，Loss: 0.00045167087228037417
训练时间：2070.09854054451
训练次数: 1700，Loss: 0.0004116801137570292
训练时间：2191.3577597141266
训练次数: 1800，Loss: 0.000353359617292881
训练时间：2313.3320853710175
训练次数: 1900，Loss: 0.00036454558721743524
训练时间：2435.3369743824005
训练次数: 2000，Loss: 0.00039628648664802313
训练时间：2557.0403940677643
训练次数: 2100，Loss: 0.0002913636271841824
训练时间：2679.3560683727264
训练次数: 2200，Loss: 0.00033741220249794424
第0个epoch的学习率：0.000010
整体测试集上的Loss: 0.000278152349387205
模型已保存
----------第 2 轮训练开始----------
训练时间：2979.459580183029
训练次数: 2300，Loss: 0.00019717798568308353
训练时间：3101.402740955353
训练次数: 2400，Loss: 0.0001916620385600254
训练时间：3222.418630361557
训练次数: 2500，Loss: 0.00023563890135847032
训练时间：3341.9800975322723
训练次数: 2600，Loss: 0.00021023195586167276
训练时间：3462.808130979538
训练次数: 2700，Loss: 0.00019068225810769945
训练时间：3582.3023297786713
训练次数: 2800，Loss: 0.00015801447443664074
训练时间：3701.56095123291
训练次数: 2900，Loss: 0.0001619957183720544
训练时间：3821.9661118984222
训练次数: 3000，Loss: 0.00015476667613256723
训练时间：3942.339054584503
训练次数: 3100，Loss: 0.000165731820743531
训练时间：4062.747415304184
训练次数: 3200，Loss: 0.00015948306827340275
训练时间：4181.715286970139
训练次数: 3300，Loss: 0.0001521991507615894
训练时间：4301.143529653549
训练次数: 3400，Loss: 0.00014465063577517867
训练时间：4420.550583600998
训练次数: 3500，Loss: 0.00015596652519889176
训练时间：4539.3905465602875
训练次数: 3600，Loss: 0.00011420328519307077
训练时间：4659.0926303863525
训练次数: 3700，Loss: 0.00014816480688750744
训练时间：4779.624400138855
训练次数: 3800，Loss: 0.00018819901742972434
训练时间：4899.937564134598
训练次数: 3900，Loss: 0.0001392807171214372
训练时间：5020.26417350769
训练次数: 4000，Loss: 0.0001386080402880907
训练时间：5141.299193620682
训练次数: 4100，Loss: 0.00016303168376907706
训练时间：5263.470757961273
训练次数: 4200，Loss: 0.00011740658374037594
训练时间：5384.615263938904
训练次数: 4300，Loss: 0.0001221819838974625
训练时间：5504.0910387039185
训练次数: 4400，Loss: 0.00013738736743107438
第1个epoch的学习率：0.000010
整体测试集上的Loss: 0.00013550907924245284
模型已保存
----------第 3 轮训练开始----------
训练时间：5804.915415525436
训练次数: 4500，Loss: 0.0001248777989530936
训练时间：5924.471090555191
训练次数: 4600，Loss: 0.00013174075866118073
训练时间：6044.508994817734
训练次数: 4700，Loss: 0.0001276594412047416
训练时间：6164.097373723984
训练次数: 4800，Loss: 0.00010181009565712884
训练时间：6283.694154024124
训练次数: 4900，Loss: 0.00012488846550695598
训练时间：6403.583898067474
训练次数: 5000，Loss: 0.00012717013305518776
训练时间：6523.194426774979
训练次数: 5100，Loss: 0.00010811050742631778
训练时间：6642.86150932312
训练次数: 5200，Loss: 0.00011306760279694572
训练时间：6762.45703959465
训练次数: 5300，Loss: 0.00012702427920885384
训练时间：6882.291082143784
训练次数: 5400，Loss: 0.00011353773152222857
训练时间：7001.274467229843
训练次数: 5500，Loss: 9.971084364224225e-05
训练时间：7120.273005485535
训练次数: 5600，Loss: 0.0001296403497690335
训练时间：7240.403997898102
训练次数: 5700，Loss: 0.00010084855603054166
训练时间：7362.878818273544
训练次数: 5800，Loss: 0.00010149519221158698
训练时间：7483.014558315277
训练次数: 5900，Loss: 9.456167026655748e-05
训练时间：7601.560133934021
训练次数: 6000，Loss: 9.958852751879022e-05
训练时间：7721.550963401794
训练次数: 6100，Loss: 0.00011632745736278594
训练时间：7842.323035240173
训练次数: 6200，Loss: 0.0001027004182105884
训练时间：7963.015173196793
训练次数: 6300，Loss: 0.0001001912823994644
训练时间：8083.832771778107
训练次数: 6400，Loss: 9.365011646877974e-05
训练时间：8204.167460680008
训练次数: 6500，Loss: 8.701331535121426e-05
训练时间：8324.762746810913
训练次数: 6600，Loss: 0.00012265544501133263
第2个epoch的学习率：0.000010
整体测试集上的Loss: 0.00010283878071748875
模型已保存
----------第 4 轮训练开始----------
训练时间：8625.736948251724
训练次数: 6700，Loss: 9.467418567510322e-05
训练时间：8745.813241958618
训练次数: 6800，Loss: 0.0001006135789793916
训练时间：8865.41790175438
训练次数: 6900，Loss: 8.539119880879298e-05
训练时间：8984.776230335236
训练次数: 7000，Loss: 8.776728645898402e-05
训练时间：9103.341315507889
训练次数: 7100，Loss: 9.861146827461198e-05
训练时间：9222.83308839798
训练次数: 7200，Loss: 7.88890611147508e-05
训练时间：9343.426922798157
训练次数: 7300，Loss: 8.484131831210107e-05
训练时间：9465.539923667908
训练次数: 7400，Loss: 7.866379019105807e-05
训练时间：9586.355115413666
训练次数: 7500，Loss: 0.00010779412696138024
训练时间：9706.82241487503
训练次数: 7600，Loss: 8.300967601826414e-05
训练时间：9827.174840450287
训练次数: 7700，Loss: 8.314114529639482e-05
训练时间：9947.244884252548
训练次数: 7800，Loss: 7.901386561570689e-05
训练时间：10067.459112882614
训练次数: 7900，Loss: 7.531266601290554e-05
训练时间：10187.349190235138
训练次数: 8000，Loss: 7.614847709191963e-05
训练时间：10307.608624458313
训练次数: 8100，Loss: 8.038138912525028e-05
训练时间：10428.231106996536
训练次数: 8200，Loss: 7.220874249469489e-05
训练时间：10547.896164894104
训练次数: 8300，Loss: 7.513905438827351e-05
训练时间：10668.174655675888
训练次数: 8400，Loss: 7.7768687333446e-05
训练时间：10787.252398729324
训练次数: 8500，Loss: 8.454866474494338e-05
训练时间：10906.987982988358
训练次数: 8600，Loss: 8.971702482085675e-05
训练时间：11026.466524124146
训练次数: 8700，Loss: 7.284319144673645e-05
训练时间：11146.817683935165
训练次数: 8800，Loss: 8.434272604063153e-05
训练时间：11267.294784069061
训练次数: 8900，Loss: 7.723535964032635e-05
第3个epoch的学习率：0.000010
整体测试集上的Loss: 8.2682193519927e-05
模型已保存
----------第 5 轮训练开始----------
训练时间：11565.650503396988
训练次数: 9000，Loss: 8.011655882000923e-05
训练时间：11680.162258386612
训练次数: 9100，Loss: 8.0231657193508e-05
训练时间：11793.94174528122
训练次数: 9200，Loss: 7.057198672555387e-05
训练时间：11907.667959451675
训练次数: 9300，Loss: 9.008975757751614e-05
训练时间：12021.441028118134
训练次数: 9400，Loss: 7.160383393056691e-05
训练时间：12134.391001701355
训练次数: 9500，Loss: 6.005553950672038e-05
训练时间：12247.381937503815
训练次数: 9600，Loss: 6.57816490274854e-05
训练时间：12360.56248497963
训练次数: 9700，Loss: 7.530360016971827e-05
训练时间：12474.253363847733
训练次数: 9800，Loss: 8.036016515688971e-05
训练时间：12588.333567380905
训练次数: 9900，Loss: 7.116520282579586e-05
训练时间：12702.030707120895
训练次数: 10000，Loss: 6.267494609346613e-05
训练时间：12815.806982040405
训练次数: 10100，Loss: 7.592319889226928e-05
训练时间：12929.594930171967
训练次数: 10200，Loss: 6.923944602021948e-05
训练时间：13042.9527323246
训练次数: 10300，Loss: 5.2346378652146086e-05
训练时间：13156.467534780502
训练次数: 10400，Loss: 9.415701060788706e-05
训练时间：13270.35614156723
训练次数: 10500，Loss: 7.083554373821244e-05
训练时间：13383.854175567627
训练次数: 10600，Loss: 7.189385360106826e-05
训练时间：13497.577222108841
训练次数: 10700，Loss: 5.796907134936191e-05
训练时间：13611.094294786453
训练次数: 10800，Loss: 5.832514580106363e-05
训练时间：13725.929063558578
训练次数: 10900，Loss: 7.488227856811136e-05
训练时间：13840.71238064766
训练次数: 11000，Loss: 6.410070636775345e-05
训练时间：13954.119904756546
训练次数: 11100，Loss: 6.042277527740225e-05
第4个epoch的学习率：0.000010
整体测试集上的Loss: 6.726464609393454e-05
模型已保存
----------第 6 轮训练开始----------
训练时间：14235.6086165905
训练次数: 11200，Loss: 7.097891648299992e-05
训练时间：14348.753730297089
训练次数: 11300，Loss: 6.0387770645320415e-05
训练时间：14461.88045835495
训练次数: 11400，Loss: 4.755544796353206e-05
训练时间：14574.813989639282
训练次数: 11500，Loss: 7.7263088314794e-05
训练时间：14687.900554656982
训练次数: 11600，Loss: 5.723541107727215e-05
训练时间：14801.207028388977
训练次数: 11700，Loss: 4.676994285546243e-05
训练时间：14914.142028808594
训练次数: 11800，Loss: 6.580712215509266e-05
训练时间：15027.475588798523
训练次数: 11900，Loss: 5.186426642467268e-05
训练时间：15140.686820745468
训练次数: 12000，Loss: 6.600091728614643e-05
训练时间：15253.642388343811
训练次数: 12100，Loss: 6.668356218142435e-05
训练时间：15366.698605060577
训练次数: 12200，Loss: 5.3712501539848745e-05
训练时间：15480.132550477982
训练次数: 12300，Loss: 5.999977292958647e-05
训练时间：15593.466742753983
训练次数: 12400，Loss: 5.516786404768936e-05
训练时间：15706.57705116272
训练次数: 12500，Loss: 4.721686855191365e-05
训练时间：15820.08363366127
训练次数: 12600，Loss: 5.5650434660492465e-05
训练时间：15937.3037378788
训练次数: 12700，Loss: 6.268918514251709e-05
训练时间：16053.310128211975
训练次数: 12800，Loss: 5.3353604016592726e-05
训练时间：16166.35336446762
训练次数: 12900，Loss: 5.003997284802608e-05
训练时间：16279.54353427887
训练次数: 13000，Loss: 5.825820699101314e-05
训练时间：16393.27789902687
训练次数: 13100，Loss: 4.5778200728818774e-05
训练时间：16506.388942956924
训练次数: 13200，Loss: 6.430307985283434e-05
训练时间：16619.53619813919
训练次数: 13300，Loss: 5.5938340665306896e-05
第5个epoch的学习率：0.000010
整体测试集上的Loss: 5.834463635673509e-05
模型已保存
----------第 7 轮训练开始----------
训练时间：16901.179572582245
训练次数: 13400，Loss: 5.163346213521436e-05
训练时间：17014.435668468475
训练次数: 13500，Loss: 4.296828410588205e-05
训练时间：17127.27428293228
训练次数: 13600，Loss: 4.999934753868729e-05
训练时间：17240.33452606201
训练次数: 13700，Loss: 4.9442351155448705e-05
训练时间：17353.50453352928
训练次数: 13800，Loss: 4.4663946027867496e-05
训练时间：17466.875519275665
训练次数: 13900，Loss: 5.056500594946556e-05
训练时间：17580.359463453293
训练次数: 14000，Loss: 4.5640001189894974e-05
训练时间：17693.352488040924
训练次数: 14100，Loss: 5.061198316980153e-05
训练时间：17806.72124695778
训练次数: 14200，Loss: 6.0173781093908474e-05
训练时间：17919.643320322037
训练次数: 14300，Loss: 4.3399697460699826e-05
训练时间：18032.562904834747
训练次数: 14400，Loss: 4.600290776579641e-05
训练时间：18147.33597135544
训练次数: 14500，Loss: 4.766930578625761e-05
训练时间：18261.860669851303
训练次数: 14600，Loss: 4.768823418999091e-05
训练时间：18375.010486125946
训练次数: 14700，Loss: 4.3508702219696715e-05
训练时间：18488.48736357689
训练次数: 14800，Loss: 5.415864143287763e-05
训练时间：18601.964478731155
训练次数: 14900，Loss: 4.155290298513137e-05
训练时间：18715.32330942154
训练次数: 15000，Loss: 4.427450039656833e-05
训练时间：18828.77129983902
训练次数: 15100，Loss: 5.5292090110015124e-05
训练时间：18942.041733026505
训练次数: 15200，Loss: 5.009308733860962e-05
训练时间：19055.48387646675
训练次数: 15300，Loss: 5.055354267824441e-05
训练时间：19168.619206905365
训练次数: 15400，Loss: 5.752831930294633e-05
训练时间：19281.697643518448
训练次数: 15500，Loss: 6.0031277826055884e-05
训练时间：19395.093799829483
训练次数: 15600，Loss: 5.007314030081034e-05
第6个epoch的学习率：0.000010
整体测试集上的Loss: 5.263376405545622e-05
模型已保存
----------第 8 轮训练开始----------
训练时间：19677.08086514473
训练次数: 15700，Loss: 4.703229933511466e-05
训练时间：19790.9076795578
训练次数: 15800，Loss: 4.031433127238415e-05
训练时间：19904.34699487686
训练次数: 15900，Loss: 4.858928150497377e-05
训练时间：20017.58748483658
训练次数: 16000，Loss: 3.883670433424413e-05
训练时间：20130.632937669754
训练次数: 16100，Loss: 5.169646829017438e-05
训练时间：20244.141169309616
训练次数: 16200，Loss: 4.405280924402177e-05
训练时间：20358.728979587555
训练次数: 16300，Loss: 4.1624145524110645e-05
训练时间：20472.78504896164
训练次数: 16400，Loss: 4.5327276893658563e-05
训练时间：20586.369215250015
训练次数: 16500，Loss: 5.38995664101094e-05
训练时间：20699.946177482605
训练次数: 16600，Loss: 3.717787694768049e-05
训练时间：20813.648426532745
训练次数: 16700，Loss: 4.11699220421724e-05
训练时间：20927.157876968384
训练次数: 16800，Loss: 5.239115489530377e-05
训练时间：21040.399675130844
训练次数: 16900，Loss: 4.5915712689748034e-05
训练时间：21153.408145189285
训练次数: 17000，Loss: 5.488252281793393e-05
训练时间：21266.48416352272
训练次数: 17100，Loss: 5.290098852128722e-05
训练时间：21379.416909217834
训练次数: 17200，Loss: 4.1707418859004974e-05
训练时间：21492.706211090088
训练次数: 17300，Loss: 4.925498069496825e-05
训练时间：21605.989281892776
训练次数: 17400，Loss: 4.49347571702674e-05
训练时间：21719.259555101395
训练次数: 17500，Loss: 4.43914977950044e-05
训练时间：21832.079423189163
训练次数: 17600，Loss: 3.737391307367943e-05
训练时间：21945.223568201065
训练次数: 17700，Loss: 3.615905734477565e-05
训练时间：22058.409370183945
训练次数: 17800，Loss: 5.3742372983833775e-05
第7个epoch的学习率：0.000010
整体测试集上的Loss: 4.958200391532349e-05
模型已保存
----------第 9 轮训练开始----------
训练时间：22339.689430475235
训练次数: 17900，Loss: 4.084293686901219e-05
训练时间：22453.483024835587
训练次数: 18000，Loss: 4.0371982322540134e-05
训练时间：22568.35014605522
训练次数: 18100，Loss: 3.904804543708451e-05
训练时间：22681.833597660065
训练次数: 18200，Loss: 4.0823004383128136e-05
训练时间：22794.570363759995
训练次数: 18300，Loss: 4.755401823786087e-05
训练时间：22907.92437505722
训练次数: 18400，Loss: 3.671694139484316e-05
训练时间：23021.182777643204
训练次数: 18500，Loss: 3.9579947042511776e-05
训练时间：23134.362030029297
训练次数: 18600，Loss: 4.640130646293983e-05
训练时间：23247.49471759796
训练次数: 18700，Loss: 4.255699968780391e-05
训练时间：23360.66032767296
训练次数: 18800，Loss: 5.6053049775073305e-05
训练时间：23473.997735977173
训练次数: 18900，Loss: 3.6518642446026206e-05
训练时间：23587.337139844894
训练次数: 19000，Loss: 3.8670805224683136e-05
训练时间：23700.206907749176
训练次数: 19100，Loss: 3.751110489247367e-05
训练时间：23812.971833467484
训练次数: 19200，Loss: 4.122525206184946e-05
训练时间：23925.836542844772
训练次数: 19300，Loss: 4.577641448122449e-05
训练时间：24038.755594730377
训练次数: 19400，Loss: 4.605872163665481e-05
训练时间：24151.749037981033
训练次数: 19500，Loss: 3.4913224226329476e-05
训练时间：24265.238456964493
训练次数: 19600，Loss: 4.571331010083668e-05
训练时间：24378.606038093567
训练次数: 19700，Loss: 3.816403841483407e-05
训练时间：24491.85892224312
训练次数: 19800，Loss: 3.8055863115005195e-05
训练时间：24604.988439798355
训练次数: 19900，Loss: 3.704013579408638e-05
训练时间：24720.3015127182
训练次数: 20000，Loss: 4.131250534555875e-05
第8个epoch的学习率：0.000010
整体测试集上的Loss: 4.7116128657594175e-05
模型已保存
----------第 10 轮训练开始----------
训练时间：25003.98483157158
训练次数: 20100，Loss: 4.5053402573103085e-05
训练时间：25117.244009256363
训练次数: 20200，Loss: 3.8378722820198163e-05
训练时间：25230.735810995102
训练次数: 20300，Loss: 4.3131854909006506e-05
训练时间：25345.55800676346
训练次数: 20400，Loss: 3.5883447708329186e-05
训练时间：25459.992287635803
训练次数: 20500，Loss: 4.166728467680514e-05
训练时间：25574.151201486588
训练次数: 20600，Loss: 4.5005544961895794e-05
训练时间：25688.47132205963
训练次数: 20700，Loss: 4.192302003502846e-05
训练时间：25802.478408813477
训练次数: 20800，Loss: 3.9017482777126133e-05
训练时间：25916.181809425354
训练次数: 20900，Loss: 3.766834925045259e-05
训练时间：26029.676845788956
训练次数: 21000，Loss: 4.031338539789431e-05
训练时间：26142.678107500076
训练次数: 21100，Loss: 3.816043317783624e-05
训练时间：26256.014230251312
训练次数: 21200，Loss: 4.789842932950705e-05
训练时间：26369.417575359344
训练次数: 21300，Loss: 4.853770951740444e-05
训练时间：26482.863032102585
训练次数: 21400，Loss: 4.281960355001502e-05
训练时间：26596.023127794266
训练次数: 21500，Loss: 3.761592961382121e-05
训练时间：26709.317805290222
训练次数: 21600，Loss: 3.3657008316367865e-05
训练时间：26822.73450779915
训练次数: 21700，Loss: 3.8115729694254696e-05
训练时间：26937.60033750534
训练次数: 21800，Loss: 3.775657023652457e-05
训练时间：27052.101413726807
训练次数: 21900，Loss: 4.4429267290979624e-05
训练时间：27165.72284412384
训练次数: 22000，Loss: 3.8545014831470326e-05
训练时间：27279.291793584824
训练次数: 22100，Loss: 2.7643876819638535e-05
训练时间：27392.764087438583
训练次数: 22200，Loss: 3.999993350589648e-05
训练时间：27506.016040325165
训练次数: 22300，Loss: 3.349003964103758e-05
第9个epoch的学习率：0.000010
整体测试集上的Loss: 4.575699636512177e-05
模型已保存
----------第 11 轮训练开始----------
训练时间：27787.080764055252
训练次数: 22400，Loss: 3.7388370401458815e-05
训练时间：27900.83310818672
训练次数: 22500，Loss: 4.50351471954491e-05
训练时间：28014.654623508453
训练次数: 22600，Loss: 3.725121132447384e-05
训练时间：28128.524941682816
训练次数: 22700，Loss: 4.393616472952999e-05
训练时间：28242.3397898674
训练次数: 22800，Loss: 4.8483234422747046e-05
训练时间：28355.973817825317
训练次数: 22900，Loss: 4.0937764424597844e-05
训练时间：28469.895349264145
训练次数: 23000，Loss: 3.963173003285192e-05
训练时间：28583.935928821564
训练次数: 23100，Loss: 3.674722393043339e-05
训练时间：28697.61154484749
训练次数: 23200，Loss: 4.030536365462467e-05
训练时间：28811.13660144806
训练次数: 23300，Loss: 3.55209231202025e-05
训练时间：28924.71530342102
训练次数: 23400，Loss: 4.332324169808999e-05
训练时间：29038.747928142548
训练次数: 23500，Loss: 3.931616083718836e-05
训练时间：29153.197907209396
训练次数: 23600，Loss: 3.9661706978222355e-05
训练时间：29267.210312128067
训练次数: 23700，Loss: 4.2075756937265396e-05
训练时间：29380.469504594803
训练次数: 23800，Loss: 3.630174251156859e-05
训练时间：29493.611971855164
训练次数: 23900，Loss: 3.516019933158532e-05
训练时间：29606.640382051468
训练次数: 24000，Loss: 4.103047103853896e-05
训练时间：29719.66776752472
训练次数: 24100，Loss: 4.044110391987488e-05
训练时间：29833.26003432274
训练次数: 24200，Loss: 3.4410724765621126e-05
训练时间：29946.593767881393
训练次数: 24300，Loss: 3.527842272887938e-05
训练时间：30059.882421016693
训练次数: 24400，Loss: 4.2020041291834787e-05
训练时间：30172.839785575867
训练次数: 24500，Loss: 3.4546061215223745e-05
第10个epoch的学习率：0.000010
整体测试集上的Loss: 4.46978664496311e-05
模型已保存
----------第 12 轮训练开始----------
训练时间：30454.04509806633
训练次数: 24600，Loss: 4.565048584481701e-05
训练时间：30567.172562122345
训练次数: 24700，Loss: 4.279487257008441e-05
训练时间：30680.275790929794
训练次数: 24800，Loss: 3.680960071505979e-05
训练时间：30793.690581321716
训练次数: 24900，Loss: 4.1295046685263515e-05
训练时间：30906.841319561005
训练次数: 25000，Loss: 3.396385727683082e-05
训练时间：31020.097133636475
训练次数: 25100，Loss: 3.227599518140778e-05
训练时间：31133.211270093918
训练次数: 25200，Loss: 3.596224632929079e-05
训练时间：31246.801813840866
训练次数: 25300，Loss: 3.702630056068301e-05
训练时间：31361.26998400688
训练次数: 25400，Loss: 2.955321906483732e-05
训练时间：31475.334592580795
训练次数: 25500，Loss: 3.190242205164395e-05
训练时间：31588.84215402603
训练次数: 25600，Loss: 3.777365418500267e-05
训练时间：31702.429394245148
训练次数: 25700，Loss: 4.2740535718621686e-05
训练时间：31815.76357293129
训练次数: 25800，Loss: 4.385222928249277e-05
训练时间：31929.155565023422
训练次数: 25900，Loss: 3.877684866893105e-05
训练时间：32042.20464372635
训练次数: 26000，Loss: 3.566296800272539e-05
训练时间：32155.234862804413
训练次数: 26100，Loss: 3.276821371400729e-05
训练时间：32268.616455554962
训练次数: 26200，Loss: 3.016273331013508e-05
训练时间：32381.733447790146
训练次数: 26300，Loss: 3.8085949199739844e-05
训练时间：32495.209413051605
训练次数: 26400，Loss: 4.17368792113848e-05
训练时间：32608.30989909172
训练次数: 26500，Loss: 3.2065810955828056e-05
训练时间：32721.526305437088
训练次数: 26600，Loss: 3.2188010663958266e-05
训练时间：32834.598615169525
训练次数: 26700，Loss: 2.9481652745744213e-05
第11个epoch的学习率：0.000010
整体测试集上的Loss: 4.4138014960413716e-05
模型已保存
----------第 13 轮训练开始----------
训练时间：33115.72322630882
训练次数: 26800，Loss: 3.20006329275202e-05
训练时间：33229.18615055084
训练次数: 26900，Loss: 3.6480865674093366e-05
训练时间：33343.039590358734
训练次数: 27000，Loss: 3.869888314511627e-05
训练时间：33457.7104408741
训练次数: 27100，Loss: 3.0517199775204062e-05
训练时间：33572.58688020706
训练次数: 27200，Loss: 4.0290698962053284e-05
训练时间：33686.48187541962
训练次数: 27300，Loss: 4.025692032882944e-05
训练时间：33800.228711128235
训练次数: 27400，Loss: 3.0457216780632734e-05
训练时间：33913.24898982048
训练次数: 27500，Loss: 4.0281276596942917e-05
训练时间：34026.96702384949
训练次数: 27600，Loss: 3.4714008506853133e-05
训练时间：34140.10729408264
训练次数: 27700，Loss: 3.453518365859054e-05
训练时间：34253.375592947006
训练次数: 27800，Loss: 3.835764073301107e-05
训练时间：34367.82102942467
训练次数: 27900，Loss: 4.3883061152882874e-05
训练时间：34482.89958238602
训练次数: 28000，Loss: 4.286852345103398e-05
训练时间：34597.86434340477
训练次数: 28100，Loss: 3.340503099025227e-05
训练时间：34712.23517346382
训练次数: 28200，Loss: 3.978727545472793e-05
训练时间：34827.01322221756
训练次数: 28300，Loss: 4.189284663880244e-05
训练时间：34941.766503572464
训练次数: 28400，Loss: 3.961037509725429e-05
训练时间：35056.40527486801
训练次数: 28500，Loss: 3.537624070304446e-05
训练时间：35171.303409576416
训练次数: 28600，Loss: 4.080910002812743e-05
训练时间：35286.18431568146
训练次数: 28700，Loss: 3.0263747248682193e-05
训练时间：35400.926372766495
训练次数: 28800，Loss: 4.37481576227583e-05
训练时间：35515.60858082771
训练次数: 28900，Loss: 3.246559572289698e-05
训练时间：35631.464435338974
训练次数: 29000，Loss: 4.396820077090524e-05
第12个epoch的学习率：0.000010
整体测试集上的Loss: 4.3072194195567e-05
模型已保存
----------第 14 轮训练开始----------
训练时间：35928.83435821533
训练次数: 29100，Loss: 3.939696034649387e-05
训练时间：36048.71142625809
训练次数: 29200，Loss: 4.192068809061311e-05
训练时间：36168.55909872055
训练次数: 29300，Loss: 3.196690886397846e-05
训练时间：36288.79337096214
训练次数: 29400，Loss: 3.767744783544913e-05
训练时间：36409.153551101685
训练次数: 29500，Loss: 3.355691296746954e-05
训练时间：36529.43356013298
训练次数: 29600，Loss: 4.0615457692183554e-05
训练时间：36649.941897153854
训练次数: 29700，Loss: 3.6871686461381614e-05
训练时间：36770.580694913864
训练次数: 29800，Loss: 3.316274887765758e-05
训练时间：36891.1199696064
训练次数: 29900，Loss: 4.267723488737829e-05
训练时间：37011.09130382538
训练次数: 30000，Loss: 3.4906744986074045e-05
训练时间：37131.20988512039
训练次数: 30100，Loss: 3.329168976051733e-05
训练时间：37251.35346221924
训练次数: 30200，Loss: 3.763954373425804e-05
训练时间：37371.361159324646
训练次数: 30300，Loss: 3.262461177655496e-05
训练时间：37490.56087112427
训练次数: 30400，Loss: 3.611969805206172e-05
训练时间：37613.78664398193
训练次数: 30500，Loss: 3.218747951905243e-05
训练时间：37736.290437459946
训练次数: 30600，Loss: 4.9558671889826655e-05
训练时间：37856.40945935249
训练次数: 30700，Loss: 3.198255581082776e-05
训练时间：37976.87556910515
训练次数: 30800，Loss: 3.4478438465157524e-05
训练时间：38097.89290976524
训练次数: 30900，Loss: 4.62002499261871e-05
训练时间：38216.82298398018
训练次数: 31000，Loss: 4.357579746283591e-05
训练时间：38337.14366531372
训练次数: 31100，Loss: 3.47479508491233e-05
训练时间：38456.02530956268
训练次数: 31200，Loss: 4.090939546586014e-05
第13个epoch的学习率：0.000010
整体测试集上的Loss: 4.258312637998811e-05
模型已保存
----------第 15 轮训练开始----------
训练时间：38754.40679168701
训练次数: 31300，Loss: 3.505733911879361e-05
训练时间：38873.97532463074
训练次数: 31400，Loss: 4.150200038566254e-05
训练时间：38994.65401291847
训练次数: 31500，Loss: 3.2476356864208356e-05
训练时间：39114.30671000481
训练次数: 31600，Loss: 3.272066896897741e-05
训练时间：39236.89806866646
训练次数: 31700，Loss: 3.225490218028426e-05
训练时间：39357.1214864254
训练次数: 31800，Loss: 3.667569035314955e-05
训练时间：39477.914002895355
训练次数: 31900，Loss: 4.257463297108188e-05
训练时间：39598.16155195236
训练次数: 32000，Loss: 3.364689837326296e-05
训练时间：39719.48082470894
训练次数: 32100，Loss: 3.6223394999979064e-05
训练时间：39841.69131708145
训练次数: 32200，Loss: 4.364864798844792e-05
训练时间：39965.03875994682
训练次数: 32300，Loss: 4.245358286425471e-05
训练时间：40084.22839021683
训练次数: 32400，Loss: 3.746417860384099e-05
训练时间：40204.14447641373
训练次数: 32500，Loss: 3.7625930417561904e-05
训练时间：40323.01125788689
训练次数: 32600，Loss: 3.2344276405638084e-05
训练时间：40443.34499669075
训练次数: 32700，Loss: 3.9948678022483364e-05
训练时间：40562.23329639435
训练次数: 32800，Loss: 3.328636012156494e-05
训练时间：40683.21702814102
训练次数: 32900，Loss: 3.3470012567704543e-05
训练时间：40803.640711307526
训练次数: 33000，Loss: 3.802504579653032e-05
训练时间：40925.051345825195
训练次数: 33100，Loss: 4.606529910233803e-05
训练时间：41045.211255311966
训练次数: 33200，Loss: 3.6506196920527145e-05
训练时间：41166.03022646904
训练次数: 33300，Loss: 4.145864659221843e-05
训练时间：41286.180297374725
训练次数: 33400，Loss: 3.1221530662151054e-05
第14个epoch的学习率：0.000010
整体测试集上的Loss: 4.212501845459984e-05
模型已保存
----------第 16 轮训练开始----------
训练时间：41588.07047653198
训练次数: 33500，Loss: 3.809773988905363e-05
训练时间：41711.141201257706
训练次数: 33600，Loss: 4.07482439186424e-05
训练时间：41833.152082920074
训练次数: 33700，Loss: 3.306199869257398e-05
训练时间：41953.25214076042
训练次数: 33800，Loss: 3.5098066291539e-05
训练时间：42076.83784222603
训练次数: 33900，Loss: 3.964382267440669e-05
训练时间：42198.83265829086
训练次数: 34000，Loss: 4.345210254541598e-05
训练时间：42320.95228624344
训练次数: 34100，Loss: 3.1204603146761656e-05
训练时间：42441.738305568695
训练次数: 34200，Loss: 3.9685073716100305e-05
训练时间：42563.27270054817
训练次数: 34300，Loss: 3.4986376704182476e-05
训练时间：42683.0985891819
训练次数: 34400，Loss: 3.289860251243226e-05
训练时间：42803.36129784584
训练次数: 34500，Loss: 3.940760871046223e-05
训练时间：42924.40388035774
训练次数: 34600，Loss: 2.7839039830723777e-05
训练时间：43043.588450431824
训练次数: 34700，Loss: 3.485912020551041e-05
训练时间：43164.491909980774
训练次数: 34800，Loss: 3.292585097369738e-05
训练时间：43284.10027265549
训练次数: 34900，Loss: 3.6323126550996676e-05
训练时间：43405.873020887375
训练次数: 35000，Loss: 3.5407745599513873e-05
训练时间：43525.22809481621
训练次数: 35100，Loss: 3.290373570052907e-05
训练时间：43645.480073690414
训练次数: 35200，Loss: 3.525815554894507e-05
训练时间：43766.316589832306
训练次数: 35300，Loss: 3.775009099626914e-05
训练时间：43887.44280195236
训练次数: 35400，Loss: 3.4054693969665095e-05
训练时间：44007.210446834564
训练次数: 35500，Loss: 3.88211956305895e-05
训练时间：44127.95893287659
训练次数: 35600，Loss: 3.881912198266946e-05
训练时间：44248.432556152344
训练次数: 35700，Loss: 2.9652695957338437e-05
第15个epoch的学习率：0.000010
整体测试集上的Loss: 4.183345498421221e-05
模型已保存
----------第 17 轮训练开始----------
训练时间：44554.33573412895
训练次数: 35800，Loss: 3.0054796297918074e-05
训练时间：44674.35827112198
训练次数: 35900，Loss: 3.3602718758629635e-05
训练时间：44794.39466357231
训练次数: 36000，Loss: 4.151903704041615e-05
训练时间：44913.84784245491
训练次数: 36100，Loss: 3.0909304769011214e-05
训练时间：45034.15820431709
训练次数: 36200，Loss: 3.3771764719858766e-05
训练时间：45153.75485110283
训练次数: 36300，Loss: 2.6301351681468077e-05
训练时间：45274.93872880936
训练次数: 36400，Loss: 3.766837835428305e-05
训练时间：45394.154771089554
训练次数: 36500，Loss: 3.2474879844812676e-05
训练时间：45514.13447809219
训练次数: 36600，Loss: 5.058630267740227e-05
训练时间：45633.06530666351
训练次数: 36700，Loss: 3.552650741767138e-05
训练时间：45753.12814831734
训练次数: 36800，Loss: 3.805131564149633e-05
训练时间：45871.93015599251
训练次数: 36900，Loss: 3.384942465345375e-05
训练时间：45993.04432940483
训练次数: 37000，Loss: 3.537349766702391e-05
训练时间：46113.18442392349
训练次数: 37100，Loss: 3.64153238479048e-05
训练时间：46233.87402486801
训练次数: 37200，Loss: 3.102162008872256e-05
训练时间：46353.575613737106
训练次数: 37300，Loss: 3.8836049498058856e-05
训练时间：46473.64070272446
训练次数: 37400，Loss: 3.1911862606648356e-05
训练时间：46596.31107234955
训练次数: 37500，Loss: 2.9296592401806265e-05
训练时间：46717.662480831146
训练次数: 37600，Loss: 3.4256412618560717e-05
训练时间：46838.099183797836
训练次数: 37700，Loss: 4.058891863678582e-05
训练时间：46957.75789618492
训练次数: 37800，Loss: 3.2021129300119355e-05
训练时间：47078.89972233772
训练次数: 37900，Loss: 2.9165425075916573e-05
第16个epoch的学习率：0.000010
整体测试集上的Loss: 4.116483042977321e-05
模型已保存
----------第 18 轮训练开始----------
训练时间：47378.57909631729
训练次数: 38000，Loss: 3.2418127375422046e-05
训练时间：47498.178879499435
训练次数: 38100，Loss: 3.5071287129539996e-05
训练时间：47618.753385305405
训练次数: 38200，Loss: 3.711584213306196e-05
训练时间：47737.95457482338
训练次数: 38300，Loss: 3.3741354855010286e-05
训练时间：47858.14762330055
训练次数: 38400，Loss: 3.991957419202663e-05
训练时间：47978.51267242432
训练次数: 38500，Loss: 4.695195093518123e-05
训练时间：48098.39688539505
训练次数: 38600，Loss: 3.333011773065664e-05
训练时间：48218.577624320984
训练次数: 38700，Loss: 3.378268957021646e-05
训练时间：48338.96888923645
训练次数: 38800，Loss: 3.7931124097667634e-05
训练时间：48459.32747673988
训练次数: 38900，Loss: 5.3400977776618674e-05
训练时间：48579.12083721161
训练次数: 39000，Loss: 3.1269988539861515e-05
训练时间：48700.05067396164
训练次数: 39100，Loss: 3.183236185577698e-05
训练时间：48822.31414484978
训练次数: 39200，Loss: 3.846118488581851e-05
训练时间：48944.51446938515
训练次数: 39300，Loss: 4.715802424470894e-05
训练时间：49064.427423238754
训练次数: 39400，Loss: 3.7595807953039184e-05
训练时间：49185.689583063126
训练次数: 39500，Loss: 2.8217400540597737e-05
训练时间：49305.38401412964
训练次数: 39600，Loss: 2.7210589905735105e-05
训练时间：49424.731925964355
训练次数: 39700，Loss: 3.640658178483136e-05
训练时间：49540.80889582634
训练次数: 39800，Loss: 3.453746467130259e-05
训练时间：49656.32346057892
训练次数: 39900，Loss: 3.726677459781058e-05
训练时间：49775.35733318329
训练次数: 40000，Loss: 2.7502546799951233e-05
训练时间：49896.4165160656
训练次数: 40100，Loss: 3.325339639559388e-05
第17个epoch的学习率：0.000010
整体测试集上的Loss: 4.10437214331641e-05
模型已保存
----------第 19 轮训练开始----------
训练时间：50196.68300175667
训练次数: 40200，Loss: 3.626980833359994e-05
训练时间：50316.02683138847
训练次数: 40300，Loss: 3.796813325607218e-05
训练时间：50436.423046827316
训练次数: 40400，Loss: 3.1239142117556185e-05
训练时间：50556.06360387802
训练次数: 40500，Loss: 3.407328767934814e-05
训练时间：50676.53035521507
训练次数: 40600，Loss: 3.457573620835319e-05
训练时间：50796.62566900253
训练次数: 40700，Loss: 4.0273458580486476e-05
训练时间：50918.15227198601
训练次数: 40800，Loss: 4.266012183506973e-05
训练时间：51040.82312941551
训练次数: 40900，Loss: 3.0241284548537806e-05
训练时间：51161.557456970215
训练次数: 41000，Loss: 3.768227179534733e-05
训练时间：51281.95110869408
训练次数: 41100，Loss: 3.336112786200829e-05
训练时间：51402.24789571762
训练次数: 41200，Loss: 2.5748877305886708e-05
训练时间：51521.349167108536
训练次数: 41300，Loss: 3.384582305443473e-05
训练时间：51640.4361538887
训练次数: 41400，Loss: 4.3545431253733113e-05
训练时间：51759.06993031502
训练次数: 41500，Loss: 3.0343331673066132e-05
训练时间：51877.93135499954
训练次数: 41600，Loss: 3.8101607060525566e-05
训练时间：51996.803240060806
训练次数: 41700，Loss: 3.3490439818706363e-05
训练时间：52116.19887495041
训练次数: 41800，Loss: 3.2318017474608496e-05
训练时间：52235.72204685211
训练次数: 41900，Loss: 3.194295277353376e-05
训练时间：52355.53697514534
训练次数: 42000，Loss: 4.5516724640037864e-05
训练时间：52475.237360715866
训练次数: 42100，Loss: 3.245348125346936e-05
训练时间：52595.812666893005
训练次数: 42200，Loss: 3.3920423447852954e-05
训练时间：52715.56554222107
训练次数: 42300，Loss: 3.194313831045292e-05
训练时间：52834.05166053772
训练次数: 42400，Loss: 3.1606330594513565e-05
第18个epoch的学习率：0.000010
整体测试集上的Loss: 4.061201639160572e-05
模型已保存
----------第 20 轮训练开始----------
训练时间：53134.45245170593
训练次数: 42500，Loss: 3.7889181840000674e-05
训练时间：53255.03459191322
训练次数: 42600，Loss: 3.19702121487353e-05
训练时间：53375.24045038223
训练次数: 42700，Loss: 3.604921221267432e-05
训练时间：53495.41389918327
训练次数: 42800，Loss: 3.174402445438318e-05
训练时间：53615.1055161953
训练次数: 42900，Loss: 3.8675785617670044e-05
训练时间：53735.28242945671
训练次数: 43000，Loss: 4.44909674115479e-05
训练时间：53855.12111854553
训练次数: 43100，Loss: 4.0256509237224236e-05
训练时间：53974.80458974838
训练次数: 43200，Loss: 3.5036537155974656e-05
训练时间：54094.14256668091
训练次数: 43300，Loss: 3.278332223999314e-05
训练时间：54212.67101049423
训练次数: 43400，Loss: 2.737196882662829e-05
训练时间：54332.33944654465
训练次数: 43500，Loss: 3.0425871955230832e-05
训练时间：54451.55656957626
训练次数: 43600，Loss: 3.1555031455354765e-05
训练时间：54571.281509399414
训练次数: 43700，Loss: 3.735124118975364e-05
训练时间：54690.944761276245
训练次数: 43800，Loss: 3.299038507975638e-05
训练时间：54810.088929891586
训练次数: 43900，Loss: 3.7921618059044704e-05
训练时间：54929.53888964653
训练次数: 44000，Loss: 3.1261119147529826e-05
训练时间：55048.65196251869
训练次数: 44100，Loss: 3.89459564757999e-05
训练时间：55169.810119867325
训练次数: 44200，Loss: 2.796820263029076e-05
训练时间：55290.68075752258
训练次数: 44300，Loss: 3.411378929740749e-05
训练时间：55410.704765081406
训练次数: 44400，Loss: 2.982603109558113e-05
训练时间：55530.62122130394
训练次数: 44500，Loss: 3.0874467483954504e-05
训练时间：55649.195590019226
训练次数: 44600，Loss: 4.3668944272212684e-05
第19个epoch的学习率：0.000010
整体测试集上的Loss: 4.06563088256883e-05
模型已保存
